[debug] [2018-09-19T06:29:05.683Z] ----------------------------------------------------------------------
[debug] [2018-09-19T06:29:05.686Z] Command:       C:\Program Files\nodejs\node.exe C:\Users\f\AppData\Roaming\npm\node_modules\firebase-tools\bin\firebase deploy --only functions --debug
[debug] [2018-09-19T06:29:05.686Z] CLI Version:   4.2.1
[debug] [2018-09-19T06:29:05.686Z] Platform:      win32
[debug] [2018-09-19T06:29:05.687Z] Node Version:  v8.12.0
[debug] [2018-09-19T06:29:05.687Z] Time:          Tue Sep 18 2018 23:29:05 GMT-0700 (Pacific Daylight Time)
[debug] [2018-09-19T06:29:05.687Z] ----------------------------------------------------------------------
[debug] 
[debug] [2018-09-19T06:29:05.695Z] > command requires scopes: ["email","openid","https://www.googleapis.com/auth/cloudplatformprojects.readonly","https://www.googleapis.com/auth/firebase","https://www.googleapis.com/auth/cloud-platform"]
[debug] [2018-09-19T06:29:05.696Z] > authorizing via signed-in user
[debug] [2018-09-19T06:29:05.698Z] > refreshing access token with scopes: ["email","https://www.googleapis.com/auth/cloud-platform","https://www.googleapis.com/auth/cloudplatformprojects.readonly","https://www.googleapis.com/auth/firebase","openid"]
[debug] [2018-09-19T06:29:05.698Z] >>> HTTP REQUEST POST https://www.googleapis.com/oauth2/v3/token  

[debug] [2018-09-19T06:29:05.863Z] <<< HTTP RESPONSE 200
[debug] [2018-09-19T06:29:05.863Z] >>> HTTP REQUEST GET https://admin.firebase.com/v1/projects/cavalry-app-dev  
 
[debug] [2018-09-19T06:29:06.165Z] <<< HTTP RESPONSE 200
[info] 
[info] === Deploying to 'cavalry-app-dev'...
[info] 
[info] i  deploying functions
[debug] [2018-09-19T06:29:08.113Z] > [functions] package.json contents: {
  "name": "functions",
  "description": "Cloud Functions for Firebase",
  "engines": {
    "node": "8"
  },
  "scripts": {
    "setup": "cross-env \"NODE_SETUP=algolia\" node setup.js",
    "lint": "eslint .",
    "serve": "firebase serve --only functions",
    "shell": "firebase functions:shell",
    "start": "npm run shell",
    "deploy": "firebase deploy --only functions",
    "logs": "firebase functions:log"
  },
  "dependencies": {
    "algolia-firebase-functions": "^2.0.0",
    "algoliasearch": "^3.30.0",
    "child_process": "^1.0.2",
    "firebase-admin": "^6.0.0",
    "firebase-functions": "^2.0.5",
    "readline": "^1.3.0"
  },
  "devDependencies": {
    "eslint": "^4.12.0",
    "eslint-plugin-promise": "^3.6.0"
  },
  "private": true
}
[info] i  functions: ensuring necessary APIs are enabled...
[debug] [2018-09-19T06:29:08.115Z] >>> HTTP REQUEST GET https://servicemanagement.googleapis.com/v1/services/cloudfunctions.googleapis.com/projectSettings/cavalry-app-dev?view=CONSUMER_VIEW  
 
[debug] [2018-09-19T06:29:08.116Z] >>> HTTP REQUEST GET https://servicemanagement.googleapis.com/v1/services/runtimeconfig.googleapis.com/projectSettings/cavalry-app-dev?view=CONSUMER_VIEW  
 
[debug] [2018-09-19T06:29:08.943Z] <<< HTTP RESPONSE 200
[debug] [2018-09-19T06:29:08.978Z] <<< HTTP RESPONSE 200
[info] +  functions: all necessary APIs are enabled
[debug] [2018-09-19T06:29:08.979Z] >>> HTTP REQUEST GET https://cloudresourcemanager.googleapis.com/v1/projects/cavalry-app-dev  
 
[debug] [2018-09-19T06:29:09.237Z] <<< HTTP RESPONSE 200
[debug] [2018-09-19T06:29:09.237Z] >>> HTTP REQUEST GET https://mobilesdk-pa.googleapis.com/v1/projects/529849197189:getServerAppConfig  
 
[debug] [2018-09-19T06:29:09.427Z] <<< HTTP RESPONSE 200
[info] i  functions: preparing functions directory for uploading...
[debug] [2018-09-19T06:29:09.435Z] >>> HTTP REQUEST GET https://runtimeconfig.googleapis.com/v1beta1/projects/cavalry-app-dev/configs  
 
[debug] [2018-09-19T06:29:09.646Z] <<< HTTP RESPONSE 200
[debug] [2018-09-19T06:29:09.646Z] >>> HTTP REQUEST GET https://runtimeconfig.googleapis.com/v1beta1/projects/cavalry-app-dev/configs/algolia/variables  
 
[debug] [2018-09-19T06:29:09.783Z] <<< HTTP RESPONSE 200
[debug] [2018-09-19T06:29:09.783Z] >>> HTTP REQUEST GET https://runtimeconfig.googleapis.com/v1beta1/projects/cavalry-app-dev/configs/algolia/variables/api_key  
 
[debug] [2018-09-19T06:29:09.798Z] >>> HTTP REQUEST GET https://runtimeconfig.googleapis.com/v1beta1/projects/cavalry-app-dev/configs/algolia/variables/app_id  
 
[debug] [2018-09-19T06:29:09.798Z] >>> HTTP REQUEST GET https://runtimeconfig.googleapis.com/v1beta1/projects/cavalry-app-dev/configs/algolia/variables/search_key  
 
[debug] [2018-09-19T06:29:09.958Z] <<< HTTP RESPONSE 200
[debug] [2018-09-19T06:29:09.959Z] <<< HTTP RESPONSE 200
[debug] [2018-09-19T06:29:09.959Z] <<< HTTP RESPONSE 200
[info] i  functions: packaged functions (57.54 KB) for uploading
[debug] [2018-09-19T06:29:10.242Z] >>> HTTP REQUEST POST https://cloudfunctions.googleapis.com/v1/projects/cavalry-app-dev/locations/us-central1/functions:generateUploadUrl  
 
[debug] [2018-09-19T06:29:10.745Z] <<< HTTP RESPONSE 200
[debug] [2018-09-19T06:29:10.745Z] >>> HTTP REQUEST PUT https://storage.googleapis.com/gcf-upload-us-central1-4f5a0d46-f412-44e2-8169-cb3b47202693/10b73886-6388-41ed-9128-983e6f1e0f72.zip?GoogleAccessId=service-529849197189@gcf-admin-robot.iam.gserviceaccount.com&Expires=1537340349&Signature=aI6VysN9KNjVHyV1u0ogsF7h3VCJlnzek6ikKKBaIxtuWKYvUgr7dqNJ6F40L9W92eZuqkKNyeQI3WKdlkhDAJDkJLk5dBb3O6LTBNKOd0%2FGIptb7EaFNfmQTwQFSK3KRi%2FKm5v4KV%2Bu7Vpzflg1hUznqJyKXVFm0ibu%2Fu23XqetKCFnQHDTbyZBux92XpVFag0%2BtiKcJbM%2FWNb2HBU1sCg%2FSGMYN%2BygbaoyqLXE%2F98QcgMC9gR1ISPfCgJyiuuC%2BjDCc3ezDjmL53WXslqWacvjSyPKg5dSaqvHcTmW9q6Og1dIHbngAJUykE2Pu9GBozvW%2BqsIY6hJk8kK%2FBxp%2FQ%3D%3D  

[debug] [2018-09-19T06:29:11.237Z] <<< HTTP RESPONSE 200
[info] +  functions: functions folder uploaded successfully
[debug] [2018-09-19T06:29:11.237Z] >>> HTTP REQUEST GET https://cloudfunctions.googleapis.com/v1/projects/cavalry-app-dev/locations/-/functions  
 
[debug] [2018-09-19T06:29:12.283Z] <<< HTTP RESPONSE 200
[info] i  functions: updating Node.js 8 function redirectHeroku(us-central1)...
[debug] [2018-09-19T06:29:12.289Z] Trigger is:  {"httpsTrigger":{}}
[info] i  functions: updating Node.js 8 function onPostWrite(us-central1)...
[debug] [2018-09-19T06:29:12.290Z] Trigger is:  {"eventTrigger":{"resource":"projects/cavalry-app-dev/databases/(default)/documents/posts/{postId}","eventType":"providers/cloud.firestore/eventTypes/document.write","service":"firestore.googleapis.com"}}
[info] i  functions: updating Node.js 8 function onRequestWrite(us-central1)...
[debug] [2018-09-19T06:29:12.290Z] Trigger is:  {"eventTrigger":{"resource":"projects/cavalry-app-dev/databases/(default)/documents/requests/{requestId}","eventType":"providers/cloud.firestore/eventTypes/document.write","service":"firestore.googleapis.com"}}
[debug] [2018-09-19T06:29:12.292Z] >>> HTTP REQUEST PATCH https://cloudfunctions.googleapis.com/v1/projects/cavalry-app-dev/locations/us-central1/functions/redirectHeroku 
query params: {"updateMask":"sourceUploadUrl,name,labels,runtime,httpsTrigger"} 

[debug] [2018-09-19T06:29:12.293Z] >>> HTTP REQUEST PATCH https://cloudfunctions.googleapis.com/v1/projects/cavalry-app-dev/locations/us-central1/functions/onPostWrite 
query params: {"updateMask":"sourceUploadUrl,name,labels,runtime,eventTrigger.resource,eventTrigger.eventType,eventTrigger.service"} 

[debug] [2018-09-19T06:29:12.295Z] >>> HTTP REQUEST PATCH https://cloudfunctions.googleapis.com/v1/projects/cavalry-app-dev/locations/us-central1/functions/onRequestWrite 
query params: {"updateMask":"sourceUploadUrl,name,labels,runtime,eventTrigger.resource,eventTrigger.eventType,eventTrigger.service"} 

[debug] [2018-09-19T06:29:12.565Z] <<< HTTP RESPONSE 200
[debug] [2018-09-19T06:29:12.717Z] <<< HTTP RESPONSE 200
[debug] [2018-09-19T06:29:12.755Z] <<< HTTP RESPONSE 200
[debug] [2018-09-19T06:29:12.756Z] >>> HTTP REQUEST GET https://cloudfunctions.googleapis.com/v1/projects/cavalry-app-dev/locations/-/functions  
 
[debug] [2018-09-19T06:29:13.508Z] <<< HTTP RESPONSE 200
[debug] [2018-09-19T06:29:13.523Z] >>> HTTP REQUEST GET https://cloudfunctions.googleapis.com/v1/operations/Y2F2YWxyeS1hcHAtZGV2L3VzLWNlbnRyYWwxL3JlZGlyZWN0SGVyb2t1L2ZlenlVV0lWSWNZ  
 
[debug] [2018-09-19T06:29:13.523Z] >>> HTTP REQUEST GET https://cloudfunctions.googleapis.com/v1/operations/Y2F2YWxyeS1hcHAtZGV2L3VzLWNlbnRyYWwxL29uUG9zdFdyaXRlLzJJbllJOV9TNlRj  
 
[debug] [2018-09-19T06:29:13.523Z] >>> HTTP REQUEST GET https://cloudfunctions.googleapis.com/v1/operations/Y2F2YWxyeS1hcHAtZGV2L3VzLWNlbnRyYWwxL29uUmVxdWVzdFdyaXRlL0RpTklyUkxrcG9z  
 
[debug] [2018-09-19T06:29:13.887Z] <<< HTTP RESPONSE 200
[debug] [2018-09-19T06:29:13.888Z] <<< HTTP RESPONSE 200
[debug] [2018-09-19T06:29:13.893Z] <<< HTTP RESPONSE 200
[debug] [2018-09-19T06:29:15.895Z] >>> HTTP REQUEST GET https://cloudfunctions.googleapis.com/v1/operations/Y2F2YWxyeS1hcHAtZGV2L3VzLWNlbnRyYWwxL3JlZGlyZWN0SGVyb2t1L2ZlenlVV0lWSWNZ  
 
[debug] [2018-09-19T06:29:15.895Z] >>> HTTP REQUEST GET https://cloudfunctions.googleapis.com/v1/operations/Y2F2YWxyeS1hcHAtZGV2L3VzLWNlbnRyYWwxL29uUG9zdFdyaXRlLzJJbllJOV9TNlRj  
 
[debug] [2018-09-19T06:29:15.895Z] >>> HTTP REQUEST GET https://cloudfunctions.googleapis.com/v1/operations/Y2F2YWxyeS1hcHAtZGV2L3VzLWNlbnRyYWwxL29uUmVxdWVzdFdyaXRlL0RpTklyUkxrcG9z  
 
[debug] [2018-09-19T06:29:16.251Z] <<< HTTP RESPONSE 200
[debug] [2018-09-19T06:29:16.266Z] <<< HTTP RESPONSE 200
[debug] [2018-09-19T06:29:16.266Z] <<< HTTP RESPONSE 200
[debug] [2018-09-19T06:29:18.262Z] >>> HTTP REQUEST GET https://cloudfunctions.googleapis.com/v1/operations/Y2F2YWxyeS1hcHAtZGV2L3VzLWNlbnRyYWwxL29uUmVxdWVzdFdyaXRlL0RpTklyUkxrcG9z  
 
[debug] [2018-09-19T06:29:18.276Z] >>> HTTP REQUEST GET https://cloudfunctions.googleapis.com/v1/operations/Y2F2YWxyeS1hcHAtZGV2L3VzLWNlbnRyYWwxL29uUG9zdFdyaXRlLzJJbllJOV9TNlRj  
 
[debug] [2018-09-19T06:29:18.281Z] >>> HTTP REQUEST GET https://cloudfunctions.googleapis.com/v1/operations/Y2F2YWxyeS1hcHAtZGV2L3VzLWNlbnRyYWwxL3JlZGlyZWN0SGVyb2t1L2ZlenlVV0lWSWNZ  
 
[debug] [2018-09-19T06:29:18.652Z] <<< HTTP RESPONSE 200
[debug] [2018-09-19T06:29:18.673Z] <<< HTTP RESPONSE 200
[debug] [2018-09-19T06:29:18.678Z] <<< HTTP RESPONSE 200
[debug] [2018-09-19T06:29:20.659Z] >>> HTTP REQUEST GET https://cloudfunctions.googleapis.com/v1/operations/Y2F2YWxyeS1hcHAtZGV2L3VzLWNlbnRyYWwxL29uUmVxdWVzdFdyaXRlL0RpTklyUkxrcG9z  
 
[debug] [2018-09-19T06:29:20.678Z] >>> HTTP REQUEST GET https://cloudfunctions.googleapis.com/v1/operations/Y2F2YWxyeS1hcHAtZGV2L3VzLWNlbnRyYWwxL29uUG9zdFdyaXRlLzJJbllJOV9TNlRj  
 
[debug] [2018-09-19T06:29:20.679Z] >>> HTTP REQUEST GET https://cloudfunctions.googleapis.com/v1/operations/Y2F2YWxyeS1hcHAtZGV2L3VzLWNlbnRyYWwxL3JlZGlyZWN0SGVyb2t1L2ZlenlVV0lWSWNZ  
 
[debug] [2018-09-19T06:29:20.820Z] <<< HTTP RESPONSE 200
[debug] [2018-09-19T06:29:20.820Z] <<< HTTP RESPONSE 200
[debug] [2018-09-19T06:29:21.038Z] <<< HTTP RESPONSE 200
[debug] [2018-09-19T06:29:22.824Z] >>> HTTP REQUEST GET https://cloudfunctions.googleapis.com/v1/operations/Y2F2YWxyeS1hcHAtZGV2L3VzLWNlbnRyYWwxL3JlZGlyZWN0SGVyb2t1L2ZlenlVV0lWSWNZ  
 
[debug] [2018-09-19T06:29:22.830Z] >>> HTTP REQUEST GET https://cloudfunctions.googleapis.com/v1/operations/Y2F2YWxyeS1hcHAtZGV2L3VzLWNlbnRyYWwxL29uUmVxdWVzdFdyaXRlL0RpTklyUkxrcG9z  
 
[debug] [2018-09-19T06:29:22.984Z] <<< HTTP RESPONSE 200
[debug] [2018-09-19T06:29:23.041Z] >>> HTTP REQUEST GET https://cloudfunctions.googleapis.com/v1/operations/Y2F2YWxyeS1hcHAtZGV2L3VzLWNlbnRyYWwxL29uUG9zdFdyaXRlLzJJbllJOV9TNlRj  
 
[debug] [2018-09-19T06:29:23.216Z] <<< HTTP RESPONSE 200
[debug] [2018-09-19T06:29:23.399Z] <<< HTTP RESPONSE 200
[debug] [2018-09-19T06:29:24.994Z] >>> HTTP REQUEST GET https://cloudfunctions.googleapis.com/v1/operations/Y2F2YWxyeS1hcHAtZGV2L3VzLWNlbnRyYWwxL29uUmVxdWVzdFdyaXRlL0RpTklyUkxrcG9z  
 
[debug] [2018-09-19T06:29:25.241Z] >>> HTTP REQUEST GET https://cloudfunctions.googleapis.com/v1/operations/Y2F2YWxyeS1hcHAtZGV2L3VzLWNlbnRyYWwxL3JlZGlyZWN0SGVyb2t1L2ZlenlVV0lWSWNZ  
 
[debug] [2018-09-19T06:29:25.377Z] <<< HTTP RESPONSE 200
[debug] [2018-09-19T06:29:25.413Z] >>> HTTP REQUEST GET https://cloudfunctions.googleapis.com/v1/operations/Y2F2YWxyeS1hcHAtZGV2L3VzLWNlbnRyYWwxL29uUG9zdFdyaXRlLzJJbllJOV9TNlRj  
 
[debug] [2018-09-19T06:29:25.632Z] <<< HTTP RESPONSE 200
[debug] [2018-09-19T06:29:25.769Z] <<< HTTP RESPONSE 200
[debug] [2018-09-19T06:29:27.379Z] >>> HTTP REQUEST GET https://cloudfunctions.googleapis.com/v1/operations/Y2F2YWxyeS1hcHAtZGV2L3VzLWNlbnRyYWwxL29uUmVxdWVzdFdyaXRlL0RpTklyUkxrcG9z  
 
[debug] [2018-09-19T06:29:27.659Z] >>> HTTP REQUEST GET https://cloudfunctions.googleapis.com/v1/operations/Y2F2YWxyeS1hcHAtZGV2L3VzLWNlbnRyYWwxL3JlZGlyZWN0SGVyb2t1L2ZlenlVV0lWSWNZ  
 
[debug] [2018-09-19T06:29:27.755Z] <<< HTTP RESPONSE 200
[debug] [2018-09-19T06:29:27.774Z] >>> HTTP REQUEST GET https://cloudfunctions.googleapis.com/v1/operations/Y2F2YWxyeS1hcHAtZGV2L3VzLWNlbnRyYWwxL29uUG9zdFdyaXRlLzJJbllJOV9TNlRj  
 
[debug] [2018-09-19T06:29:28.035Z] <<< HTTP RESPONSE 200
[debug] [2018-09-19T06:29:28.114Z] <<< HTTP RESPONSE 200
[debug] [2018-09-19T06:29:29.761Z] >>> HTTP REQUEST GET https://cloudfunctions.googleapis.com/v1/operations/Y2F2YWxyeS1hcHAtZGV2L3VzLWNlbnRyYWwxL29uUmVxdWVzdFdyaXRlL0RpTklyUkxrcG9z  
 
[debug] [2018-09-19T06:29:30.037Z] >>> HTTP REQUEST GET https://cloudfunctions.googleapis.com/v1/operations/Y2F2YWxyeS1hcHAtZGV2L3VzLWNlbnRyYWwxL3JlZGlyZWN0SGVyb2t1L2ZlenlVV0lWSWNZ  
 
[debug] [2018-09-19T06:29:30.107Z] <<< HTTP RESPONSE 200
[debug] [2018-09-19T06:29:30.116Z] >>> HTTP REQUEST GET https://cloudfunctions.googleapis.com/v1/operations/Y2F2YWxyeS1hcHAtZGV2L3VzLWNlbnRyYWwxL29uUG9zdFdyaXRlLzJJbllJOV9TNlRj  
 
[debug] [2018-09-19T06:29:30.177Z] <<< HTTP RESPONSE 200
[debug] [2018-09-19T06:29:30.475Z] <<< HTTP RESPONSE 200
[debug] [2018-09-19T06:29:32.108Z] >>> HTTP REQUEST GET https://cloudfunctions.googleapis.com/v1/operations/Y2F2YWxyeS1hcHAtZGV2L3VzLWNlbnRyYWwxL29uUmVxdWVzdFdyaXRlL0RpTklyUkxrcG9z  
 
[debug] [2018-09-19T06:29:32.179Z] >>> HTTP REQUEST GET https://cloudfunctions.googleapis.com/v1/operations/Y2F2YWxyeS1hcHAtZGV2L3VzLWNlbnRyYWwxL3JlZGlyZWN0SGVyb2t1L2ZlenlVV0lWSWNZ  
 
[debug] [2018-09-19T06:29:32.453Z] <<< HTTP RESPONSE 200
[debug] [2018-09-19T06:29:32.477Z] >>> HTTP REQUEST GET https://cloudfunctions.googleapis.com/v1/operations/Y2F2YWxyeS1hcHAtZGV2L3VzLWNlbnRyYWwxL29uUG9zdFdyaXRlLzJJbllJOV9TNlRj  
 
[debug] [2018-09-19T06:29:32.889Z] <<< HTTP RESPONSE 200
[debug] [2018-09-19T06:29:34.455Z] >>> HTTP REQUEST GET https://cloudfunctions.googleapis.com/v1/operations/Y2F2YWxyeS1hcHAtZGV2L3VzLWNlbnRyYWwxL29uUmVxdWVzdFdyaXRlL0RpTklyUkxrcG9z  
 
[debug] [2018-09-19T06:29:34.829Z] <<< HTTP RESPONSE 200
[debug] [2018-09-19T06:29:34.895Z] >>> HTTP REQUEST GET https://cloudfunctions.googleapis.com/v1/operations/Y2F2YWxyeS1hcHAtZGV2L3VzLWNlbnRyYWwxL29uUG9zdFdyaXRlLzJJbllJOV9TNlRj  
 
[debug] [2018-09-19T06:29:35.243Z] <<< HTTP RESPONSE 200
[debug] [2018-09-19T06:29:36.831Z] >>> HTTP REQUEST GET https://cloudfunctions.googleapis.com/v1/operations/Y2F2YWxyeS1hcHAtZGV2L3VzLWNlbnRyYWwxL29uUmVxdWVzdFdyaXRlL0RpTklyUkxrcG9z  
 
[debug] [2018-09-19T06:29:37.186Z] <<< HTTP RESPONSE 200
[debug] [2018-09-19T06:29:37.245Z] >>> HTTP REQUEST GET https://cloudfunctions.googleapis.com/v1/operations/Y2F2YWxyeS1hcHAtZGV2L3VzLWNlbnRyYWwxL29uUG9zdFdyaXRlLzJJbllJOV9TNlRj  
 
[debug] [2018-09-19T06:29:37.636Z] <<< HTTP RESPONSE 200
[debug] [2018-09-19T06:29:39.191Z] >>> HTTP REQUEST GET https://cloudfunctions.googleapis.com/v1/operations/Y2F2YWxyeS1hcHAtZGV2L3VzLWNlbnRyYWwxL29uUmVxdWVzdFdyaXRlL0RpTklyUkxrcG9z  
 
[debug] [2018-09-19T06:29:39.571Z] <<< HTTP RESPONSE 200
[info] +  functions[onRequestWrite(us-central1)]: Successful update operation. 
[debug] [2018-09-19T06:29:39.637Z] >>> HTTP REQUEST GET https://cloudfunctions.googleapis.com/v1/operations/Y2F2YWxyeS1hcHAtZGV2L3VzLWNlbnRyYWwxL29uUG9zdFdyaXRlLzJJbllJOV9TNlRj  
 
[debug] [2018-09-19T06:29:53.188Z] [functions] failed to get status of operation: operations/Y2F2YWxyeS1hcHAtZGV2L3VzLWNlbnRyYWwxL3JlZGlyZWN0SGVyb2t1L2ZlenlVV0lWSWNZ
[debug] [2018-09-19T06:29:53.188Z] [functions] Server Error. connect ETIMEDOUT 172.217.6.42:443
[debug] [2018-09-19T06:29:57.189Z] >>> HTTP REQUEST GET https://cloudfunctions.googleapis.com/v1/operations/Y2F2YWxyeS1hcHAtZGV2L3VzLWNlbnRyYWwxL3JlZGlyZWN0SGVyb2t1L2ZlenlVV0lWSWNZ  
 
[debug] [2018-09-19T06:29:57.585Z] <<< HTTP RESPONSE 200
[warn] !  functions[redirectHeroku(us-central1)]: Deployment error.
[info] Server Error. connect ETIMEDOUT 172.217.6.42:443
[debug] [2018-09-19T06:30:00.644Z] [functions] failed to get status of operation: operations/Y2F2YWxyeS1hcHAtZGV2L3VzLWNlbnRyYWwxL29uUG9zdFdyaXRlLzJJbllJOV9TNlRj
[debug] [2018-09-19T06:30:00.645Z] [functions] Server Error. connect ETIMEDOUT 172.217.6.42:443
[debug] [2018-09-19T06:30:04.646Z] >>> HTTP REQUEST GET https://cloudfunctions.googleapis.com/v1/operations/Y2F2YWxyeS1hcHAtZGV2L3VzLWNlbnRyYWwxL29uUG9zdFdyaXRlLzJJbllJOV9TNlRj  
 
[debug] [2018-09-19T06:30:05.087Z] <<< HTTP RESPONSE 200
[warn] !  functions[onPostWrite(us-central1)]: Deployment error.
[info] Server Error. connect ETIMEDOUT 172.217.6.42:443
[info] 

Functions deploy had errors. To continue deploying other features (such as database), run:
[info]     firebase deploy --except functions
[error] 
[error] Error: Functions did not deploy properly.
