[debug] [2018-09-24T06:02:56.306Z] ----------------------------------------------------------------------
[debug] [2018-09-24T06:02:56.308Z] Command:       C:\Program Files\nodejs\node.exe C:\Users\f\AppData\Roaming\npm\node_modules\firebase-tools\bin\firebase firestore:delete --all-collections -y
[debug] [2018-09-24T06:02:56.308Z] CLI Version:   4.2.1
[debug] [2018-09-24T06:02:56.308Z] Platform:      win32
[debug] [2018-09-24T06:02:56.308Z] Node Version:  v8.12.0
[debug] [2018-09-24T06:02:56.308Z] Time:          Sun Sep 23 2018 23:02:56 GMT-0700 (Pacific Daylight Time)
[debug] [2018-09-24T06:02:56.308Z] ----------------------------------------------------------------------
[debug] 
[debug] [2018-09-24T06:02:56.315Z] > command requires scopes: ["email","openid","https://www.googleapis.com/auth/cloudplatformprojects.readonly","https://www.googleapis.com/auth/firebase","https://www.googleapis.com/auth/cloud-platform"]
[debug] [2018-09-24T06:02:56.316Z] > authorizing via signed-in user
[debug] [2018-09-24T06:02:56.317Z] > refreshing access token with scopes: ["email","https://www.googleapis.com/auth/cloud-platform","https://www.googleapis.com/auth/cloudplatformprojects.readonly","https://www.googleapis.com/auth/firebase","openid"]
[debug] [2018-09-24T06:02:56.317Z] >>> HTTP REQUEST POST https://www.googleapis.com/oauth2/v3/token  

[debug] [2018-09-24T06:02:56.696Z] <<< HTTP RESPONSE 200
[debug] [2018-09-24T06:02:56.702Z] >>> HTTP REQUEST GET https://admin.firebase.com/v1/projects/cavalry-app-dev  
 
[debug] [2018-09-24T06:02:56.982Z] <<< HTTP RESPONSE 200
[debug] [2018-09-24T06:02:56.983Z] >>> HTTP REQUEST POST https://firestore.googleapis.com/v1beta1/projects/cavalry-app-dev/databases/(default)/documents:listCollectionIds  

[debug] [2018-09-24T06:02:57.393Z] <<< HTTP RESPONSE 200
[info] Deleting the following collections: accounts, aggregation, posts, subscribers
[debug] [2018-09-24T06:02:57.395Z] >>> HTTP REQUEST POST https://firestore.googleapis.com/v1beta1/projects/cavalry-app-dev/databases/(default)/documents:runQuery  

[debug] [2018-09-24T06:02:57.395Z] >>> HTTP REQUEST POST https://firestore.googleapis.com/v1beta1/projects/cavalry-app-dev/databases/(default)/documents:runQuery  

[debug] [2018-09-24T06:02:57.395Z] >>> HTTP REQUEST POST https://firestore.googleapis.com/v1beta1/projects/cavalry-app-dev/databases/(default)/documents:runQuery  

[debug] [2018-09-24T06:02:57.395Z] >>> HTTP REQUEST POST https://firestore.googleapis.com/v1beta1/projects/cavalry-app-dev/databases/(default)/documents:runQuery  

[debug] [2018-09-24T06:02:57.705Z] <<< HTTP RESPONSE 200
[debug] [2018-09-24T06:02:57.705Z] >>> HTTP REQUEST POST https://firestore.googleapis.com/v1beta1/projects/cavalry-app-dev/databases/(default)/documents:commit  

[debug] [2018-09-24T06:02:57.711Z] <<< HTTP RESPONSE 200
[debug] [2018-09-24T06:02:57.712Z] >>> HTTP REQUEST POST https://firestore.googleapis.com/v1beta1/projects/cavalry-app-dev/databases/(default)/documents:commit  

[debug] [2018-09-24T06:02:57.719Z] <<< HTTP RESPONSE 200
[debug] [2018-09-24T06:02:57.720Z] >>> HTTP REQUEST POST https://firestore.googleapis.com/v1beta1/projects/cavalry-app-dev/databases/(default)/documents:commit  

[debug] [2018-09-24T06:02:57.728Z] <<< HTTP RESPONSE 200
[debug] [2018-09-24T06:02:57.728Z] >>> HTTP REQUEST POST https://firestore.googleapis.com/v1beta1/projects/cavalry-app-dev/databases/(default)/documents:commit  

[debug] [2018-09-24T06:02:58.083Z] <<< HTTP RESPONSE 200
[debug] [2018-09-24T06:02:58.084Z] >>> HTTP REQUEST POST https://firestore.googleapis.com/v1beta1/projects/cavalry-app-dev/databases/(default)/documents:runQuery  

[debug] [2018-09-24T06:02:58.084Z] <<< HTTP RESPONSE 200
[debug] [2018-09-24T06:02:58.085Z] >>> HTTP REQUEST POST https://firestore.googleapis.com/v1beta1/projects/cavalry-app-dev/databases/(default)/documents:runQuery  

[debug] [2018-09-24T06:02:58.086Z] <<< HTTP RESPONSE 200
[debug] [2018-09-24T06:02:58.087Z] >>> HTTP REQUEST POST https://firestore.googleapis.com/v1beta1/projects/cavalry-app-dev/databases/(default)/documents:runQuery  

[debug] [2018-09-24T06:02:58.165Z] <<< HTTP RESPONSE 200
[debug] [2018-09-24T06:02:58.166Z] >>> HTTP REQUEST POST https://firestore.googleapis.com/v1beta1/projects/cavalry-app-dev/databases/(default)/documents:runQuery  

[debug] [2018-09-24T06:02:58.388Z] <<< HTTP RESPONSE 200
[debug] [2018-09-24T06:02:58.398Z] <<< HTTP RESPONSE 200
[debug] [2018-09-24T06:03:19.091Z] Error: connect ETIMEDOUT 216.58.195.74:443
    at TCPConnectWrap.afterConnect [as oncomplete] (net.js:1191:14)
[error] 
[error] Error: Server Error. connect ETIMEDOUT 216.58.195.74:443
